{
  "RSpec": {
    "coverage": {
      "/Users/dustinpeukert/Turing/mod_1/projects/battleship/lib/ship.rb": {
        "lines": [
          1,
          1,
          null,
          1,
          42,
          42,
          42,
          null,
          null,
          1,
          23,
          15,
          null,
          8,
          null,
          null,
          null,
          1,
          26,
          null,
          null
        ]
      },
      "/Users/dustinpeukert/Turing/mod_1/projects/battleship/lib/cell.rb": {
        "lines": [
          1,
          1,
          null,
          1,
          549,
          549,
          549,
          null,
          null,
          1,
          76,
          74,
          null,
          2,
          null,
          null,
          null,
          1,
          41,
          39,
          null,
          null,
          null,
          null,
          null,
          1,
          24,
          23,
          17,
          null,
          null,
          23,
          null,
          null,
          null,
          null,
          null,
          1,
          118,
          null,
          null,
          1,
          41,
          4,
          37,
          31,
          6,
          2,
          4,
          2,
          2,
          2,
          null,
          null,
          null
        ]
      },
      "/Users/dustinpeukert/Turing/mod_1/projects/battleship/lib/board.rb": {
        "lines": [
          1,
          null,
          1,
          1,
          null,
          33,
          null,
          null,
          null,
          null,
          null,
          null,
          null,
          null,
          null,
          null,
          null,
          null,
          null,
          null,
          null,
          null,
          null,
          null,
          1,
          56,
          null,
          null,
          1,
          172,
          null,
          null,
          1,
          75,
          238,
          30,
          101,
          null,
          27,
          72,
          72,
          72,
          null,
          null,
          27,
          null,
          null,
          1,
          99,
          99,
          null,
          27,
          12,
          15,
          8,
          null,
          7,
          null,
          null,
          null,
          1,
          67,
          null,
          null,
          1,
          96,
          null,
          null,
          1,
          12,
          10,
          27,
          null,
          10,
          null,
          2,
          null,
          null,
          null,
          1,
          2,
          null,
          2,
          32,
          null,
          null,
          2,
          null,
          null,
          null,
          null,
          null,
          null
        ]
      },
      "/Users/dustinpeukert/Turing/mod_1/projects/battleship/lib/cpu.rb": {
        "lines": [
          1,
          1,
          null,
          1,
          7,
          7,
          null,
          null,
          1,
          6,
          5,
          5,
          5,
          null,
          5,
          5,
          0,
          null,
          null,
          5,
          45,
          10,
          10,
          10,
          10,
          0,
          null,
          null,
          null,
          45,
          null,
          45,
          null,
          45,
          null,
          45,
          84,
          20,
          64,
          23,
          41,
          22,
          19,
          19,
          null,
          84,
          null,
          84,
          null,
          null,
          null,
          5,
          null,
          null,
          1,
          3,
          3,
          3,
          null,
          null,
          1,
          2,
          25,
          null,
          1,
          null,
          null,
          null
        ]
      },
      "/Users/dustinpeukert/Turing/mod_1/projects/battleship/lib/player.rb": {
        "lines": [
          1,
          1,
          null,
          1,
          7,
          null,
          null,
          1,
          4,
          null,
          null,
          1,
          2,
          1,
          null,
          null,
          1,
          2,
          17,
          null,
          1,
          null,
          null
        ]
      },
      "/Users/dustinpeukert/Turing/mod_1/projects/battleship/spec/cell_spec.rb": {
        "lines": [
          1,
          null,
          1,
          1,
          1,
          1,
          1,
          null,
          null,
          1,
          1,
          1,
          1,
          1,
          null,
          null,
          1,
          1,
          1,
          null,
          null,
          1,
          1,
          1,
          1,
          null,
          null,
          null,
          1,
          1,
          1,
          1,
          1,
          null,
          null,
          1,
          1,
          1,
          1,
          1,
          1,
          null,
          null,
          null,
          1,
          1,
          1,
          1,
          1,
          1,
          1,
          null,
          null,
          1,
          1,
          1,
          1,
          null,
          null,
          1,
          1,
          1,
          1,
          1,
          1,
          1,
          1,
          null,
          null,
          null,
          1,
          1,
          1,
          1,
          1,
          1,
          1,
          1,
          null,
          null,
          1,
          1,
          1,
          1,
          1,
          1,
          1,
          1,
          1,
          null,
          null,
          null,
          1,
          1,
          1,
          1,
          1,
          1,
          1,
          1,
          null,
          null,
          null,
          1,
          1,
          1,
          1,
          1,
          1,
          null,
          null,
          1,
          1,
          1,
          1,
          1,
          null,
          null,
          1,
          1,
          1,
          1,
          1,
          1,
          1,
          null,
          null,
          1,
          1,
          1,
          1,
          1,
          1,
          1,
          1,
          1,
          1,
          1,
          null,
          null,
          null,
          1,
          1,
          1,
          1,
          1,
          1,
          1,
          null,
          null,
          1,
          1,
          1,
          1,
          null,
          null,
          1,
          1,
          1,
          1,
          1,
          null,
          null,
          1,
          1,
          1,
          1,
          1,
          1,
          1,
          null,
          null,
          1,
          1,
          1,
          1,
          1,
          1,
          1,
          1,
          1,
          1,
          1,
          null,
          null,
          null,
          null
        ]
      },
      "/Users/dustinpeukert/Turing/mod_1/projects/battleship/spec/cpu_spec.rb": {
        "lines": [
          1,
          null,
          1,
          1,
          1,
          1,
          1,
          null,
          1,
          null,
          null,
          1,
          1,
          1,
          null,
          1,
          1,
          null,
          null,
          null,
          1,
          1,
          1,
          1,
          1,
          1,
          null,
          1,
          null,
          17,
          null,
          1,
          null,
          null,
          1,
          1,
          1,
          1,
          1,
          null,
          1,
          1,
          null,
          17,
          17,
          null,
          1,
          1,
          null,
          null,
          1,
          1,
          1,
          1,
          null,
          1,
          null,
          null,
          null,
          null,
          1,
          1,
          1,
          1,
          1,
          1,
          null,
          1,
          3,
          null,
          null,
          17,
          null,
          1,
          null,
          null,
          null,
          null,
          1,
          1,
          1,
          1,
          1,
          1,
          null,
          1,
          1,
          null,
          1,
          null,
          1,
          16,
          5,
          null,
          null,
          null,
          1,
          null,
          null,
          null
        ]
      },
      "/Users/dustinpeukert/Turing/mod_1/projects/battleship/spec/player_spec.rb": {
        "lines": [
          1,
          null,
          1,
          1,
          1,
          1,
          1,
          1,
          null,
          null,
          1,
          1,
          1,
          1,
          1,
          null,
          null,
          null,
          1,
          1,
          1,
          1,
          1,
          1,
          null,
          null,
          1,
          1,
          1,
          1,
          1,
          null,
          null,
          null,
          1,
          1,
          1,
          1,
          1,
          1,
          1,
          null,
          1,
          null,
          null,
          1,
          1,
          1,
          1,
          1,
          null,
          1,
          null,
          null,
          null,
          1,
          1,
          1,
          1,
          1,
          1,
          1,
          null,
          1,
          1,
          null,
          1,
          null,
          1,
          16,
          5,
          null,
          null,
          1,
          null,
          null,
          null,
          null
        ]
      },
      "/Users/dustinpeukert/Turing/mod_1/projects/battleship/spec/ship_spec.rb": {
        "lines": [
          1,
          null,
          1,
          1,
          1,
          1,
          1,
          null,
          null,
          1,
          1,
          null,
          1,
          1,
          1,
          null,
          null,
          1,
          1,
          null,
          1,
          1,
          1,
          null,
          null,
          null,
          1,
          1,
          1,
          1,
          null,
          null,
          1,
          1,
          1,
          1,
          1,
          1,
          1,
          1,
          null,
          null,
          null,
          1,
          1,
          1,
          1,
          1,
          1,
          1,
          1,
          null,
          null,
          null
        ]
      }
    },
    "timestamp": 1730317541
  }
}
